/home/users/thopri/.local/lib/python3.12/site-packages/torch/nn/utils/weight_norm.py:144: FutureWarning: `torch.nn.utils.weight_norm` is deprecated in favor of `torch.nn.utils.parametrizations.weight_norm`.
  WeightNorm.apply(module, name, dim)
Detected curvilinear coordinate arrays: Lat='nav_lat', Lon='nav_lon'
Target location maps precisely to Grid Index Coordinates -> y: 992, x: 938

==========================================
Processing Ensemble Member: 01
==========================================
Stitching variables and calculating spatial gradients year-by-year...
Concatenating annual points into a unified time series...
Computing rolling metrics and climate anomalies...
resampling data to write out to a CSV file...
calculating tipping targets using MLD as diagnostic...
Extracting MLD profile for Ensemble 01...
--> Success: Permanent convective collapse detected in Year: 2043
writing data to a CSV file...
Successfully generated: ensemble_member_01.csv

==========================================
Processing Ensemble Member: 02
==========================================
Stitching variables and calculating spatial gradients year-by-year...
Concatenating annual points into a unified time series...
Computing rolling metrics and climate anomalies...
resampling data to write out to a CSV file...
calculating tipping targets using MLD as diagnostic...
Extracting MLD profile for Ensemble 02...
--> Success: Permanent convective collapse detected in Year: 2040
writing data to a CSV file...
Successfully generated: ensemble_member_02.csv

==========================================
Processing Ensemble Member: 03
==========================================
Stitching variables and calculating spatial gradients year-by-year...
Concatenating annual points into a unified time series...
Computing rolling metrics and climate anomalies...
resampling data to write out to a CSV file...
calculating tipping targets using MLD as diagnostic...
Extracting MLD profile for Ensemble 03...
--> Success: Permanent convective collapse detected in Year: 2051
writing data to a CSV file...
Successfully generated: ensemble_member_03.csv

==========================================
Processing Ensemble Member: 04
==========================================
Stitching variables and calculating spatial gradients year-by-year...
Concatenating annual points into a unified time series...
Computing rolling metrics and climate anomalies...
resampling data to write out to a CSV file...
calculating tipping targets using MLD as diagnostic...
Extracting MLD profile for Ensemble 04...
--> Success: Permanent convective collapse detected in Year: 2046
writing data to a CSV file...
Successfully generated: ensemble_member_04.csv

==========================================
Processing Ensemble Member: 05
==========================================
Stitching variables and calculating spatial gradients year-by-year...
Concatenating annual points into a unified time series...
Computing rolling metrics and climate anomalies...
resampling data to write out to a CSV file...
calculating tipping targets using MLD as diagnostic...
Extracting MLD profile for Ensemble 05...
--> Success: Permanent convective collapse detected in Year: 2034
writing data to a CSV file...
Successfully generated: ensemble_member_05.csv

==========================================
Processing Ensemble Member: 06
==========================================
Stitching variables and calculating spatial gradients year-by-year...
Concatenating annual points into a unified time series...
Computing rolling metrics and climate anomalies...
resampling data to write out to a CSV file...
calculating tipping targets using MLD as diagnostic...
Extracting MLD profile for Ensemble 06...
--> Success: Permanent convective collapse detected in Year: 2037
writing data to a CSV file...
Successfully generated: ensemble_member_06.csv

==========================================
Processing Ensemble Member: 07
==========================================
Stitching variables and calculating spatial gradients year-by-year...
Concatenating annual points into a unified time series...
Computing rolling metrics and climate anomalies...
resampling data to write out to a CSV file...
calculating tipping targets using MLD as diagnostic...
Extracting MLD profile for Ensemble 07...
--> Success: Permanent convective collapse detected in Year: 2041
writing data to a CSV file...
Successfully generated: ensemble_member_07.csv

==========================================
Processing Ensemble Member: 08
==========================================
Stitching variables and calculating spatial gradients year-by-year...
Concatenating annual points into a unified time series...
Computing rolling metrics and climate anomalies...
resampling data to write out to a CSV file...
calculating tipping targets using MLD as diagnostic...
Extracting MLD profile for Ensemble 08...
--> Success: Permanent convective collapse detected in Year: 2038
writing data to a CSV file...
Successfully generated: ensemble_member_08.csv

==========================================
Processing Ensemble Member: 09
==========================================
Stitching variables and calculating spatial gradients year-by-year...
Concatenating annual points into a unified time series...
Computing rolling metrics and climate anomalies...
resampling data to write out to a CSV file...
calculating tipping targets using MLD as diagnostic...
Extracting MLD profile for Ensemble 09...
--> Success: Permanent convective collapse detected in Year: 2044
writing data to a CSV file...
Successfully generated: ensemble_member_09.csv

==========================================
Processing Ensemble Member: 10
==========================================
Stitching variables and calculating spatial gradients year-by-year...
Concatenating annual points into a unified time series...
Computing rolling metrics and climate anomalies...
resampling data to write out to a CSV file...
calculating tipping targets using MLD as diagnostic...
Extracting MLD profile for Ensemble 10...
--> Success: Permanent convective collapse detected in Year: 2033
writing data to a CSV file...
Successfully generated: ensemble_member_10.csv

==========================================
Processing Ensemble Member: 11
==========================================
Stitching variables and calculating spatial gradients year-by-year...
Concatenating annual points into a unified time series...
Computing rolling metrics and climate anomalies...
resampling data to write out to a CSV file...
calculating tipping targets using MLD as diagnostic...
Extracting MLD profile for Ensemble 11...
--> Success: Permanent convective collapse detected in Year: 2034
writing data to a CSV file...
Successfully generated: ensemble_member_11.csv

==========================================
Processing Ensemble Member: 12
==========================================
Stitching variables and calculating spatial gradients year-by-year...
Concatenating annual points into a unified time series...
Computing rolling metrics and climate anomalies...
resampling data to write out to a CSV file...
calculating tipping targets using MLD as diagnostic...
Extracting MLD profile for Ensemble 12...
--> Success: Permanent convective collapse detected in Year: 2036
writing data to a CSV file...
Successfully generated: ensemble_member_12.csv

==========================================
Processing Ensemble Member: 13
==========================================
Stitching variables and calculating spatial gradients year-by-year...
Concatenating annual points into a unified time series...
Computing rolling metrics and climate anomalies...
resampling data to write out to a CSV file...
calculating tipping targets using MLD as diagnostic...
Extracting MLD profile for Ensemble 13...
--> Success: Permanent convective collapse detected in Year: 2031
writing data to a CSV file...
Successfully generated: ensemble_member_13.csv

==========================================
Processing Ensemble Member: 14
==========================================
Stitching variables and calculating spatial gradients year-by-year...
Concatenating annual points into a unified time series...
Computing rolling metrics and climate anomalies...
resampling data to write out to a CSV file...
calculating tipping targets using MLD as diagnostic...
Extracting MLD profile for Ensemble 14...
--> Success: Permanent convective collapse detected in Year: 2045
writing data to a CSV file...
Successfully generated: ensemble_member_14.csv

==========================================
Processing Ensemble Member: 15
==========================================
Stitching variables and calculating spatial gradients year-by-year...
Concatenating annual points into a unified time series...
Computing rolling metrics and climate anomalies...
resampling data to write out to a CSV file...
calculating tipping targets using MLD as diagnostic...
Extracting MLD profile for Ensemble 15...
--> Success: Permanent convective collapse detected in Year: 2056
writing data to a CSV file...
Successfully generated: ensemble_member_15.csv

==========================================
Processing Ensemble Member: 16
==========================================
Stitching variables and calculating spatial gradients year-by-year...
Concatenating annual points into a unified time series...
Computing rolling metrics and climate anomalies...
resampling data to write out to a CSV file...
calculating tipping targets using MLD as diagnostic...
Extracting MLD profile for Ensemble 16...
--> Success: Permanent convective collapse detected in Year: 2037
writing data to a CSV file...
Successfully generated: ensemble_member_16.csv

==========================================
Processing Ensemble Member: 17
==========================================
Stitching variables and calculating spatial gradients year-by-year...
Concatenating annual points into a unified time series...
Computing rolling metrics and climate anomalies...
resampling data to write out to a CSV file...
calculating tipping targets using MLD as diagnostic...
Extracting MLD profile for Ensemble 17...
--> Success: Permanent convective collapse detected in Year: 2036
writing data to a CSV file...
Successfully generated: ensemble_member_17.csv

==========================================
Processing Ensemble Member: 18
==========================================
Stitching variables and calculating spatial gradients year-by-year...
Concatenating annual points into a unified time series...
Computing rolling metrics and climate anomalies...
resampling data to write out to a CSV file...
calculating tipping targets using MLD as diagnostic...
Extracting MLD profile for Ensemble 18...
--> Success: Permanent convective collapse detected in Year: 2031
writing data to a CSV file...
Successfully generated: ensemble_member_18.csv

==========================================
Processing Ensemble Member: 19
==========================================
Stitching variables and calculating spatial gradients year-by-year...
Concatenating annual points into a unified time series...
Computing rolling metrics and climate anomalies...
resampling data to write out to a CSV file...
calculating tipping targets using MLD as diagnostic...
Extracting MLD profile for Ensemble 19...
--> Success: Permanent convective collapse detected in Year: 2041
writing data to a CSV file...
Successfully generated: ensemble_member_19.csv

==========================================
Processing Ensemble Member: 20
==========================================
Stitching variables and calculating spatial gradients year-by-year...
Concatenating annual points into a unified time series...
Computing rolling metrics and climate anomalies...
resampling data to write out to a CSV file...
calculating tipping targets using MLD as diagnostic...
Extracting MLD profile for Ensemble 20...
--> Success: Permanent convective collapse detected in Year: 2036
writing data to a CSV file...
Successfully generated: ensemble_member_20.csv

==========================================
Processing Ensemble Member: 21
==========================================
Stitching variables and calculating spatial gradients year-by-year...
Concatenating annual points into a unified time series...
Computing rolling metrics and climate anomalies...
resampling data to write out to a CSV file...
calculating tipping targets using MLD as diagnostic...
Extracting MLD profile for Ensemble 21...
--> Success: Permanent convective collapse detected in Year: 2043
writing data to a CSV file...
Successfully generated: ensemble_member_21.csv

==========================================
Processing Ensemble Member: 22
==========================================
Stitching variables and calculating spatial gradients year-by-year...
Concatenating annual points into a unified time series...
Computing rolling metrics and climate anomalies...
resampling data to write out to a CSV file...
calculating tipping targets using MLD as diagnostic...
Extracting MLD profile for Ensemble 22...
--> Success: Permanent convective collapse detected in Year: 2037
writing data to a CSV file...
Successfully generated: ensemble_member_22.csv

==========================================
Processing Ensemble Member: 23
==========================================
Stitching variables and calculating spatial gradients year-by-year...
Concatenating annual points into a unified time series...
Computing rolling metrics and climate anomalies...
resampling data to write out to a CSV file...
calculating tipping targets using MLD as diagnostic...
Extracting MLD profile for Ensemble 23...
--> Success: Permanent convective collapse detected in Year: 2058
writing data to a CSV file...
Successfully generated: ensemble_member_23.csv

==========================================
Processing Ensemble Member: 24
==========================================
Stitching variables and calculating spatial gradients year-by-year...
Concatenating annual points into a unified time series...
Computing rolling metrics and climate anomalies...
resampling data to write out to a CSV file...
calculating tipping targets using MLD as diagnostic...
Extracting MLD profile for Ensemble 24...
--> Success: Permanent convective collapse detected in Year: 2034
writing data to a CSV file...
Successfully generated: ensemble_member_24.csv

==========================================
Processing Ensemble Member: 25
==========================================
Stitching variables and calculating spatial gradients year-by-year...
Concatenating annual points into a unified time series...
Computing rolling metrics and climate anomalies...
resampling data to write out to a CSV file...
calculating tipping targets using MLD as diagnostic...
Extracting MLD profile for Ensemble 25...
--> Success: Permanent convective collapse detected in Year: 2041
writing data to a CSV file...
Successfully generated: ensemble_member_25.csv

==========================================
Processing Ensemble Member: 26
==========================================
Stitching variables and calculating spatial gradients year-by-year...
Concatenating annual points into a unified time series...
Computing rolling metrics and climate anomalies...
resampling data to write out to a CSV file...
calculating tipping targets using MLD as diagnostic...
Extracting MLD profile for Ensemble 26...
--> Success: Permanent convective collapse detected in Year: 2032
writing data to a CSV file...
Successfully generated: ensemble_member_26.csv

==========================================
Processing Ensemble Member: 27
==========================================
Stitching variables and calculating spatial gradients year-by-year...
Concatenating annual points into a unified time series...
Computing rolling metrics and climate anomalies...
resampling data to write out to a CSV file...
calculating tipping targets using MLD as diagnostic...
Extracting MLD profile for Ensemble 27...
--> Success: Permanent convective collapse detected in Year: 2032
writing data to a CSV file...
Successfully generated: ensemble_member_27.csv

==========================================
Processing Ensemble Member: 28
==========================================
Stitching variables and calculating spatial gradients year-by-year...
Concatenating annual points into a unified time series...
Computing rolling metrics and climate anomalies...
resampling data to write out to a CSV file...
calculating tipping targets using MLD as diagnostic...
Extracting MLD profile for Ensemble 28...
--> Success: Permanent convective collapse detected in Year: 2032
writing data to a CSV file...
Successfully generated: ensemble_member_28.csv

==========================================
Processing Ensemble Member: 29
==========================================
Stitching variables and calculating spatial gradients year-by-year...
Concatenating annual points into a unified time series...
Computing rolling metrics and climate anomalies...
resampling data to write out to a CSV file...
calculating tipping targets using MLD as diagnostic...
Extracting MLD profile for Ensemble 29...
--> Success: Permanent convective collapse detected in Year: 2069
writing data to a CSV file...
Successfully generated: ensemble_member_29.csv

==========================================
Processing Ensemble Member: 30
==========================================
Stitching variables and calculating spatial gradients year-by-year...
Concatenating annual points into a unified time series...
Computing rolling metrics and climate anomalies...
resampling data to write out to a CSV file...
calculating tipping targets using MLD as diagnostic...
Extracting MLD profile for Ensemble 30...
--> Success: Permanent convective collapse detected in Year: 2025
writing data to a CSV file...
Successfully generated: ensemble_member_30.csv

==========================================
Processing Ensemble Member: 31
==========================================
Stitching variables and calculating spatial gradients year-by-year...
Concatenating annual points into a unified time series...
Computing rolling metrics and climate anomalies...
resampling data to write out to a CSV file...
calculating tipping targets using MLD as diagnostic...
Extracting MLD profile for Ensemble 31...
--> Success: Permanent convective collapse detected in Year: 2051
writing data to a CSV file...
Successfully generated: ensemble_member_31.csv

==========================================
Processing Ensemble Member: 32
==========================================
Stitching variables and calculating spatial gradients year-by-year...
Concatenating annual points into a unified time series...
Computing rolling metrics and climate anomalies...
resampling data to write out to a CSV file...
calculating tipping targets using MLD as diagnostic...
Extracting MLD profile for Ensemble 32...
--> Success: Permanent convective collapse detected in Year: 2041
writing data to a CSV file...
Successfully generated: ensemble_member_32.csv

==========================================
Processing Ensemble Member: 33
==========================================
Stitching variables and calculating spatial gradients year-by-year...
Concatenating annual points into a unified time series...
Computing rolling metrics and climate anomalies...
resampling data to write out to a CSV file...
calculating tipping targets using MLD as diagnostic...
Extracting MLD profile for Ensemble 33...
--> Success: Permanent convective collapse detected in Year: 2047
writing data to a CSV file...
Successfully generated: ensemble_member_33.csv

==========================================
Processing Ensemble Member: 34
==========================================
Stitching variables and calculating spatial gradients year-by-year...
Concatenating annual points into a unified time series...
Computing rolling metrics and climate anomalies...
resampling data to write out to a CSV file...
calculating tipping targets using MLD as diagnostic...
Extracting MLD profile for Ensemble 34...
--> Success: Permanent convective collapse detected in Year: 2041
writing data to a CSV file...
Successfully generated: ensemble_member_34.csv

==========================================
Processing Ensemble Member: 35
==========================================
Stitching variables and calculating spatial gradients year-by-year...
Concatenating annual points into a unified time series...
Computing rolling metrics and climate anomalies...
resampling data to write out to a CSV file...
calculating tipping targets using MLD as diagnostic...
Extracting MLD profile for Ensemble 35...
--> Success: Permanent convective collapse detected in Year: 2064
writing data to a CSV file...
Successfully generated: ensemble_member_35.csv

==========================================
Processing Ensemble Member: 36
==========================================
Stitching variables and calculating spatial gradients year-by-year...
Concatenating annual points into a unified time series...
Computing rolling metrics and climate anomalies...
resampling data to write out to a CSV file...
calculating tipping targets using MLD as diagnostic...
Extracting MLD profile for Ensemble 36...
--> Success: Permanent convective collapse detected in Year: 2042
writing data to a CSV file...
Successfully generated: ensemble_member_36.csv

==========================================
Processing Ensemble Member: 37
==========================================
Stitching variables and calculating spatial gradients year-by-year...
Concatenating annual points into a unified time series...
Computing rolling metrics and climate anomalies...
resampling data to write out to a CSV file...
calculating tipping targets using MLD as diagnostic...
Extracting MLD profile for Ensemble 37...
--> Success: Permanent convective collapse detected in Year: 2038
writing data to a CSV file...
Successfully generated: ensemble_member_37.csv

==========================================
Processing Ensemble Member: 38
==========================================
Stitching variables and calculating spatial gradients year-by-year...
Concatenating annual points into a unified time series...
Computing rolling metrics and climate anomalies...
resampling data to write out to a CSV file...
calculating tipping targets using MLD as diagnostic...
Extracting MLD profile for Ensemble 38...
--> Success: Permanent convective collapse detected in Year: 2059
writing data to a CSV file...
Successfully generated: ensemble_member_38.csv

==========================================
Processing Ensemble Member: 39
==========================================
Stitching variables and calculating spatial gradients year-by-year...
Concatenating annual points into a unified time series...
Computing rolling metrics and climate anomalies...
resampling data to write out to a CSV file...
calculating tipping targets using MLD as diagnostic...
Extracting MLD profile for Ensemble 39...
--> Success: Permanent convective collapse detected in Year: 2053
writing data to a CSV file...
Successfully generated: ensemble_member_39.csv

==========================================
Processing Ensemble Member: 40
==========================================
Stitching variables and calculating spatial gradients year-by-year...
Concatenating annual points into a unified time series...
Computing rolling metrics and climate anomalies...
resampling data to write out to a CSV file...
calculating tipping targets using MLD as diagnostic...
Extracting MLD profile for Ensemble 40...
--> Success: Permanent convective collapse detected in Year: 2032
writing data to a CSV file...
Successfully generated: ensemble_member_40.csv
Starting training pipeline...
Epoch 01/15 | Train NLL: 99.9076 | Val NLL: 8.9323
Epoch 02/15 | Train NLL: 5.6127 | Val NLL: 3.5675
Epoch 03/15 | Train NLL: 3.2750 | Val NLL: 5.5316
Epoch 04/15 | Train NLL: 3.2419 | Val NLL: 57.5727
Epoch 05/15 | Train NLL: 17.8203 | Val NLL: 136.3223
Epoch 06/15 | Train NLL: 5.1473 | Val NLL: 100.1622
Epoch 07/15 | Train NLL: 37.0267 | Val NLL: 194.9103
Epoch 08/15 | Train NLL: 35.9161 | Val NLL: 10.5570
Epoch 09/15 | Train NLL: 5.8059 | Val NLL: 85.6106
Epoch 10/15 | Train NLL: 19.8153 | Val NLL: 121.2916
Epoch 11/15 | Train NLL: 16.4998 | Val NLL: 117.8783
Epoch 12/15 | Train NLL: 48.3881 | Val NLL: 219.7596
Epoch 13/15 | Train NLL: 44.4272 | Val NLL: 305.3237
Epoch 14/15 | Train NLL: 70.5479 | Val NLL: 142.1346
Epoch 15/15 | Train NLL: 48.5240 | Val NLL: 152.4825
